<?xml version="1.0" encoding="UTF-8"?>
<!-- Generated by org.testng.reporters.JUnitReportReporter -->
<testsuite skipped="0" hostname="Kapil" name="ScreenShot.FrameAlertExample" tests="1" failures="0" timestamp="2020-02-03T00:08:18 IST" time="19.587" errors="0">
  <testcase name="handleFrame" time="19.587" classname="ScreenShot.FrameAlertExample"/>
</testsuite> <!-- ScreenShot.FrameAlertExample -->
