<?xml version="1.0" encoding="UTF-8"?>
<!-- Generated by org.testng.reporters.JUnitReportReporter -->
<testsuite skipped="0" hostname="Kapil" name="TestNGFolder.ScreenFB" tests="1" failures="0" timestamp="2020-02-02T19:07:53 IST" time="15.035" errors="0">
  <testcase name="captureScreenshot" time="15.035" classname="TestNGFolder.ScreenFB"/>
</testsuite> <!-- TestNGFolder.ScreenFB -->
