<?xml version="1.0" encoding="UTF-8"?>
<!-- Generated by org.testng.reporters.JUnitReportReporter -->
<testsuite skipped="0" hostname="Kapil" name="ScreenShot.NewTest" tests="1" failures="0" timestamp="2020-02-02T21:35:19 IST" time="14.854" errors="0">
  <testcase name="f" time="14.854" classname="ScreenShot.NewTest"/>
</testsuite> <!-- ScreenShot.NewTest -->
