<?xml version="1.0" encoding="UTF-8"?>
<!-- Generated by org.testng.reporters.JUnitReportReporter -->
<testsuite skipped="0" hostname="Kapil" name="ScreenShot.MultipleWindows" tests="1" failures="0" timestamp="2020-02-02T23:27:00 IST" time="20.274" errors="0">
  <testcase name="demo1" time="20.274" classname="ScreenShot.MultipleWindows"/>
</testsuite> <!-- ScreenShot.MultipleWindows -->
