<?xml version="1.0" encoding="UTF-8"?>
<!-- Generated by org.testng.reporters.JUnitReportReporter -->
<testsuite skipped="0" hostname="Kapil" name="ScreenShot.RobotClassExample" tests="1" failures="0" timestamp="2020-02-02T23:40:17 IST" time="22.544" errors="0">
  <testcase name="fbLogin" time="22.544" classname="ScreenShot.RobotClassExample"/>
</testsuite> <!-- ScreenShot.RobotClassExample -->
